<?xml version="1.0" encoding="UTF-8"?>
<testng-results ignored="0" total="1" passed="1" failed="0" skipped="0">
  <reporter-output>
  </reporter-output>
  <suite started-at="2021-07-22T22:54:38 CDT" name="Default suite" finished-at="2021-07-22T22:54:40 CDT" duration-ms="1899">
    <groups>
    </groups>
    <test started-at="2021-07-22T22:54:38 CDT" name="Default test" finished-at="2021-07-22T22:54:40 CDT" duration-ms="1899">
      <class name="tests.TestOnLocalAPI">
        <test-method signature="delete()[pri:0, instance:tests.TestOnLocalAPI@3e6ef8ad]" started-at="2021-07-22T22:54:38 CDT" name="delete" finished-at="2021-07-22T22:54:40 CDT" duration-ms="1845" status="PASS">
          <reporter-output>
          </reporter-output>
        </test-method> <!-- delete -->
      </class> <!-- tests.TestOnLocalAPI -->
    </test> <!-- Default test -->
  </suite> <!-- Default suite -->
</testng-results>
